<?xml version="1.0" encoding="UTF-8"?>
<!-- Generated by org.testng.reporters.JUnitXMLReporter -->
<testsuite ignored="0" hostname="garuda" failures="0" tests="4" name="Test" time="10.013" errors="0" timestamp="2024-08-17T11:23:15 IST">
  <testcase classname="tests.hometest" name="Addtocart" time="1.321"/>
  <testcase classname="tests.logintest" name="TC01_LoginSuccessTest" time="0.351"/>
  <testcase classname="tests.logintest" name="TC02_LoginFailureTest" time="0.267"/>
  <testcase classname="tests.logintest" name="TC03_LockedUserTest" time="0.293"/>
</testsuite> <!-- Test -->
