<?xml version="1.0" encoding="UTF-8"?>
<testng-results ignored="0" total="4" passed="4" failed="0" skipped="0">
  <reporter-output>
  </reporter-output>
  <suite started-at="2024-08-17T11:23:05 IST" name="Suite" finished-at="2024-08-17T11:23:15 IST" duration-ms="10013">
    <groups>
    </groups>
    <test started-at="2024-08-17T11:23:05 IST" name="Test" finished-at="2024-08-17T11:23:15 IST" duration-ms="10013">
      <class name="tests.hometest">
        <test-method is-config="true" signature="BeforeTest()[pri:0, instance:tests.hometest@3ee37e5a]" started-at="2024-08-17T11:23:05 IST" name="BeforeTest" finished-at="2024-08-17T11:23:09 IST" duration-ms="3489" status="PASS">
          <reporter-output>
          </reporter-output>
        </test-method> <!-- BeforeTest -->
        <test-method signature="Addtocart()[pri:0, instance:tests.hometest@3ee37e5a]" started-at="2024-08-17T11:23:09 IST" name="Addtocart" finished-at="2024-08-17T11:23:10 IST" duration-ms="1321" status="PASS">
          <reporter-output>
          </reporter-output>
        </test-method> <!-- Addtocart -->
        <test-method is-config="true" signature="AfterTest()[pri:0, instance:tests.hometest@3ee37e5a]" started-at="2024-08-17T11:23:10 IST" name="AfterTest" finished-at="2024-08-17T11:23:11 IST" duration-ms="148" status="PASS">
          <reporter-output>
          </reporter-output>
        </test-method> <!-- AfterTest -->
      </class> <!-- tests.hometest -->
      <class name="tests.logintest">
        <test-method is-config="true" signature="BeforeTest()[pri:0, instance:tests.logintest@783a467b]" started-at="2024-08-17T11:23:11 IST" name="BeforeTest" finished-at="2024-08-17T11:23:11 IST" duration-ms="867" status="PASS">
          <reporter-output>
          </reporter-output>
        </test-method> <!-- BeforeTest -->
        <test-method signature="TC01_LoginSuccessTest()[pri:0, instance:tests.logintest@783a467b]" started-at="2024-08-17T11:23:11 IST" name="TC01_LoginSuccessTest" finished-at="2024-08-17T11:23:12 IST" duration-ms="351" status="PASS">
          <reporter-output>
          </reporter-output>
        </test-method> <!-- TC01_LoginSuccessTest -->
        <test-method is-config="true" signature="AfterTest()[pri:0, instance:tests.logintest@783a467b]" started-at="2024-08-17T11:23:12 IST" name="AfterTest" finished-at="2024-08-17T11:23:12 IST" duration-ms="118" status="PASS">
          <reporter-output>
          </reporter-output>
        </test-method> <!-- AfterTest -->
        <test-method is-config="true" signature="BeforeTest()[pri:0, instance:tests.logintest@783a467b]" started-at="2024-08-17T11:23:12 IST" name="BeforeTest" finished-at="2024-08-17T11:23:13 IST" duration-ms="879" status="PASS">
          <reporter-output>
          </reporter-output>
        </test-method> <!-- BeforeTest -->
        <test-method signature="TC02_LoginFailureTest()[pri:0, instance:tests.logintest@783a467b]" started-at="2024-08-17T11:23:13 IST" name="TC02_LoginFailureTest" finished-at="2024-08-17T11:23:14 IST" duration-ms="267" status="PASS">
          <reporter-output>
          </reporter-output>
        </test-method> <!-- TC02_LoginFailureTest -->
        <test-method is-config="true" signature="AfterTest()[pri:0, instance:tests.logintest@783a467b]" started-at="2024-08-17T11:23:14 IST" name="AfterTest" finished-at="2024-08-17T11:23:14 IST" duration-ms="73" status="PASS">
          <reporter-output>
          </reporter-output>
        </test-method> <!-- AfterTest -->
        <test-method is-config="true" signature="BeforeTest()[pri:0, instance:tests.logintest@783a467b]" started-at="2024-08-17T11:23:14 IST" name="BeforeTest" finished-at="2024-08-17T11:23:15 IST" duration-ms="862" status="PASS">
          <reporter-output>
          </reporter-output>
        </test-method> <!-- BeforeTest -->
        <test-method signature="TC03_LockedUserTest()[pri:0, instance:tests.logintest@783a467b]" started-at="2024-08-17T11:23:15 IST" name="TC03_LockedUserTest" finished-at="2024-08-17T11:23:15 IST" duration-ms="293" status="PASS">
          <reporter-output>
          </reporter-output>
        </test-method> <!-- TC03_LockedUserTest -->
        <test-method is-config="true" signature="AfterTest()[pri:0, instance:tests.logintest@783a467b]" started-at="2024-08-17T11:23:15 IST" name="AfterTest" finished-at="2024-08-17T11:23:15 IST" duration-ms="69" status="PASS">
          <reporter-output>
          </reporter-output>
        </test-method> <!-- AfterTest -->
      </class> <!-- tests.logintest -->
    </test> <!-- Test -->
  </suite> <!-- Suite -->
</testng-results>
